<?xml version="1.0" encoding="UTF-8"?>
<testsuite xmlns:xsi="http://www.w3.org/2001/XMLSchema-instance" xsi:noNamespaceSchemaLocation="https://maven.apache.org/surefire/maven-surefire-plugin/xsd/surefire-test-report-3.0.xsd" version="3.0" name="com.mkt.ym.AccountTest" time="3.522" tests="1" errors="1" skipped="0" failures="0">
  <properties>
[...]
</properties>
  <testcase name="" classname="com.mkt.ym.AccountTest" time="3.522">
    <error message="Unable to load class [com.mkt.ym.controller.listener_filter.EntityListener]" type="org.hibernate.boot.registry.classloading.spi.ClassLoadingException"><![CDATA[org.hibernate.boot.registry.classloading.spi.ClassLoadingException: Unable to load class [com.mkt.ym.controller.listener_filter.EntityListener]
	at org.hibernate.boot.registry.classloading.internal.ClassLoaderServiceImpl.classForName(ClassLoaderServiceImpl.java:126)
	at org.hibernate.boot.model.source.internal.annotations.AnnotationMetadataSourceProcessorImpl.toXClass(AnnotationMetadataSourceProcessorImpl.java:175)
	at org.hibernate.boot.model.source.internal.annotations.AnnotationMetadataSourceProcessorImpl.<init>(AnnotationMetadataSourceProcessorImpl.java:97)
	at org.hibernate.boot.model.process.spi.MetadataBuildingProcess$1.<init>(MetadataBuildingProcess.java:206)
	at org.hibernate.boot.model.process.spi.MetadataBuildingProcess.complete(MetadataBuildingProcess.java:200)
	at org.hibernate.jpa.boot.internal.EntityManagerFactoryBuilderImpl.metadata(EntityManagerFactoryBuilderImpl.java:1431)
	at org.hibernate.jpa.boot.internal.EntityManagerFactoryBuilderImpl.build(EntityManagerFactoryBuilderImpl.java:1502)
	at org.hibernate.jpa.HibernatePersistenceProvider.createEntityManagerFactory(HibernatePersistenceProvider.java:55)
	at jakarta.persistence.Persistence.createEntityManagerFactory(Persistence.java:80)
	at jakarta.persistence.Persistence.createEntityManagerFactory(Persistence.java:55)
	at com.mkt.ym.CommonEntityManager.init(CommonEntityManager.java:20)
	at java.base/java.lang.reflect.Method.invoke(Method.java:568)
	at java.base/java.util.ArrayList.forEach(ArrayList.java:1511)
	Suppressed: java.lang.NullPointerException: Cannot invoke "jakarta.persistence.EntityManagerFactory.isOpen()" because "com.mkt.ym.CommonEntityManager.emf" is null
		at com.mkt.ym.CommonEntityManager.closeEmf(CommonEntityManager.java:25)
		at java.base/java.lang.reflect.Method.invoke(Method.java:568)
		at java.base/java.util.ArrayList.forEach(ArrayList.java:1511)
		at java.base/java.util.Collections$UnmodifiableCollection.forEach(Collections.java:1092)
		... 1 more
Caused by: java.lang.ClassNotFoundException: Could not load requested class : com.mkt.ym.controller.listener_filter.EntityListener
	at org.hibernate.boot.registry.classloading.internal.AggregatedClassLoader.findClass(AggregatedClassLoader.java:216)
	at java.base/java.lang.ClassLoader.loadClass(ClassLoader.java:592)
	at java.base/java.lang.ClassLoader.loadClass(ClassLoader.java:525)
	at java.base/java.lang.Class.forName0(Native Method)
	at java.base/java.lang.Class.forName(Class.java:467)
	at org.hibernate.boot.registry.classloading.internal.ClassLoaderServiceImpl.classForName(ClassLoaderServiceImpl.java:123)
	... 12 more
Caused by: java.lang.Throwable
	at org.hibernate.boot.registry.classloading.internal.AggregatedClassLoader.findClass(AggregatedClassLoader.java:209)
	... 17 more
	Suppressed: java.lang.ClassNotFoundException: com.mkt.ym.controller.listener_filter.EntityListener
		at java.base/jdk.internal.loader.BuiltinClassLoader.loadClass(BuiltinClassLoader.java:641)
		at java.base/jdk.internal.loader.ClassLoaders$AppClassLoader.loadClass(ClassLoaders.java:188)
		at java.base/java.lang.ClassLoader.loadClass(ClassLoader.java:525)
		at org.hibernate.boot.registry.classloading.internal.AggregatedClassLoader.findClass(AggregatedClassLoader.java:206)
		... 17 more
	Suppressed: java.lang.ClassNotFoundException: com.mkt.ym.controller.listener_filter.EntityListener
		at java.base/jdk.internal.loader.BuiltinClassLoader.loadClass(BuiltinClassLoader.java:641)
		at java.base/jdk.internal.loader.ClassLoaders$AppClassLoader.loadClass(ClassLoaders.java:188)
		at java.base/java.lang.ClassLoader.loadClass(ClassLoader.java:525)
		at org.hibernate.boot.registry.classloading.internal.AggregatedClassLoader.findClass(AggregatedClassLoader.java:206)
		... 17 more
	Suppressed: java.lang.ClassNotFoundException: com.mkt.ym.controller.listener_filter.EntityListener
		at java.base/jdk.internal.loader.BuiltinClassLoader.loadClass(BuiltinClassLoader.java:641)
		at java.base/jdk.internal.loader.ClassLoaders$AppClassLoader.loadClass(ClassLoaders.java:188)
		at java.base/java.lang.ClassLoader.loadClass(ClassLoader.java:525)
		at org.hibernate.boot.registry.classloading.internal.AggregatedClassLoader.findClass(AggregatedClassLoader.java:206)
		... 17 more
]]></error>
    <system-err><![CDATA[Jun 19, 2024 4:58:44 PM org.hibernate.jpa.internal.util.LogHelper logPersistenceUnitInformation
INFO: HHH000204: Processing PersistenceUnitInfo [name: student_registration]
Jun 19, 2024 4:58:44 PM org.hibernate.Version logVersion
INFO: HHH000412: Hibernate ORM core version 6.5.0.Final
Jun 19, 2024 4:58:44 PM org.hibernate.jpa.boot.internal.EntityManagerFactoryBuilderImpl lambda$normalizeConnectionAccessUserAndPass$6
WARN: HHH90000021: Encountered deprecated setting [javax.persistence.jdbc.user], use [jakarta.persistence.jdbc.user] instead
Jun 19, 2024 4:58:44 PM org.hibernate.jpa.boot.internal.EntityManagerFactoryBuilderImpl lambda$normalizeConnectionAccessUserAndPass$12
WARN: HHH90000021: Encountered deprecated setting [javax.persistence.jdbc.password], use [jakarta.persistence.jdbc.password] instead
Jun 19, 2024 4:58:44 PM org.hibernate.jpa.boot.internal.EntityManagerFactoryBuilderImpl normalizeDataAccess
WARN: HHH90000021: Encountered deprecated setting [javax.persistence.jdbc.url], use [jakarta.persistence.jdbc.url] instead
Jun 19, 2024 4:58:44 PM org.hibernate.jpa.boot.internal.EntityManagerFactoryBuilderImpl normalizeDataAccess
WARN: HHH90000021: Encountered deprecated setting [javax.persistence.jdbc.driver], use [jakarta.persistence.jdbc.driver] instead
Jun 19, 2024 4:58:44 PM org.hibernate.cache.internal.RegionFactoryInitiator initiateService
INFO: HHH000026: Second-level cache disabled
Jun 19, 2024 4:58:46 PM org.hibernate.engine.jdbc.connections.internal.DriverManagerConnectionProviderImpl configure
WARN: HHH10001002: Using built-in connection pool (not intended for production use)
Jun 19, 2024 4:58:46 PM org.hibernate.engine.jdbc.connections.internal.DriverManagerConnectionProviderImpl buildCreator
INFO: HHH10001005: Loaded JDBC driver class: com.mysql.cj.jdbc.Driver
Jun 19, 2024 4:58:46 PM org.hibernate.engine.jdbc.connections.internal.DriverManagerConnectionProviderImpl buildCreator
INFO: HHH10001012: Connecting with JDBC URL [jdbc:mysql://localhost:3306/student_registration_db]
Jun 19, 2024 4:58:46 PM org.hibernate.engine.jdbc.connections.internal.DriverManagerConnectionProviderImpl buildCreator
INFO: HHH10001001: Connection properties: {password=****, user=root}
Jun 19, 2024 4:58:46 PM org.hibernate.engine.jdbc.connections.internal.DriverManagerConnectionProviderImpl buildCreator
INFO: HHH10001003: Autocommit mode: false
Jun 19, 2024 4:58:46 PM org.hibernate.engine.jdbc.connections.internal.DriverManagerConnectionProviderImpl$PooledConnections <init>
INFO: HHH10001115: Connection pool size: 20 (min=1)
Jun 19, 2024 4:58:47 PM org.hibernate.engine.jdbc.connections.internal.DriverManagerConnectionProviderImpl$PoolState stop
INFO: HHH10001008: Cleaning up connection pool [jdbc:mysql://localhost:3306/student_registration_db]
]]></system-err>
  </testcase>
</testsuite>